<?xml version="1.0" encoding="UTF-8"?>
<testsuite xmlns:xsi="http://www.w3.org/2001/XMLSchema-instance" xsi:schemaLocation="https://maven.apache.org/surefire/maven-surefire-plugin/xsd/surefire-test-report.xsd" name="com.istg.controller.AdminControllerTest" time="5.446" tests="22" errors="1" skipped="0" failures="0">
  <properties>
    <property name="idea.version" value="2021.1.3"/>
    <property name="java.runtime.name" value="OpenJDK Runtime Environment"/>
    <property name="java.vm.version" value="15.0.1+9-18"/>
    <property name="sun.boot.library.path" value="C:\Users\Admin\.jdks\openjdk-15.0.1\bin"/>
    <property name="maven.multiModuleProjectDirectory" value="D:\3 course 2 sem\MT\ISTG"/>
    <property name="java.vm.vendor" value="Oracle Corporation"/>
    <property name="java.vendor.url" value="https://java.oracle.com/"/>
    <property name="guice.disable.misplaced.annotation.check" value="true"/>
    <property name="path.separator" value=";"/>
    <property name="java.vm.name" value="OpenJDK 64-Bit Server VM"/>
    <property name="sun.os.patch.level" value=""/>
    <property name="user.script" value=""/>
    <property name="user.country" value="RU"/>
    <property name="sun.java.launcher" value="SUN_STANDARD"/>
    <property name="java.vm.specification.name" value="Java Virtual Machine Specification"/>
    <property name="user.dir" value="D:\3 course 2 sem\MT\ISTG"/>
    <property name="java.vm.compressedOopsMode" value="Zero based"/>
    <property name="java.runtime.version" value="15.0.1+9-18"/>
    <property name="os.arch" value="amd64"/>
    <property name="java.io.tmpdir" value="C:\Users\Admin\AppData\Local\Temp\"/>
    <property name="line.separator" value="&#10;"/>
    <property name="java.vm.specification.vendor" value="Oracle Corporation"/>
    <property name="user.variant" value=""/>
    <property name="os.name" value="Windows 10"/>
    <property name="maven.ext.class.path" value="D:\IID\IntelliJ IDEA 2021.1\plugins\maven\lib\maven-event-listener.jar"/>
    <property name="classworlds.conf" value="D:\IID\IntelliJ IDEA 2021.1\plugins\maven\lib\maven3\bin\m2.conf"/>
    <property name="sun.jnu.encoding" value="Cp1251"/>
    <property name="java.library.path" value="C:\Users\Admin\.jdks\openjdk-15.0.1\bin;C:\WINDOWS\Sun\Java\bin;C:\WINDOWS\system32;C:\WINDOWS;C:\Program Files (x86)\Embarcadero\Studio\22.0\bin;C:\Users\Public\Documents\Embarcadero\Studio\22.0\Bpl;C:\Program Files (x86)\Embarcadero\Studio\22.0\bin64;C:\Users\Public\Documents\Embarcadero\Studio\22.0\Bpl\Win64;C:\Program Files (x86)\Embarcadero\Studio\21.0\bin;C:\Users\Public\Documents\Embarcadero\Studio\21.0\Bpl;C:\Program Files (x86)\Embarcadero\Studio\21.0\bin64;C:\Users\Public\Documents\Embarcadero\Studio\21.0\Bpl\Win64;C:\Program Files (x86)\Common Files\Oracle\Java\javapath;C:\Program Files (x86)\PC Connectivity Solution\;C:\Windows\system32;C:\Windows;C:\Windows\System32\Wbem;C:\Windows\System32\WindowsPowerShell\v1.0\;C:\Program Files (x86)\NVIDIA Corporation\PhysX\Common;C:\Program Files\NVIDIA Corporation\NVIDIA NvDLISR;C:\Program Files\dotnet\;C:\Program Files (x86)\dotnet\;C:\Program Files (x86)\Windows Kits\8.1\Windows Performance Toolkit\;C:\Program Files\Microsoft SQL Server\Client SDK\ODBC\170\Tools\Binn\;C:\Program Files\Azure Data Studio\bin;C:\Program Files (x86)\Microsoft SQL Server\150\Tools\Binn\;C:\Program Files\Microsoft SQL Server\150\Tools\Binn\;C:\Program Files\Microsoft SQL Server\150\DTS\Binn\;C:\Program Files (x86)\Microsoft SQL Server\150\DTS\Binn\;C:\Program Files\Microsoft SQL Server\130\Tools\Binn\;C:\WINDOWS\system32;C:\WINDOWS;C:\WINDOWS\System32\Wbem;C:\WINDOWS\System32\WindowsPowerShell\v1.0\;C:\Program Files\Docker\Docker\resources\bin;C:\ProgramData\chocolatey\bin;C:\Program Files\Git\cmd;C:\apache-maven-3.8.2-src\apache-maven-3.8.2\bin;C:\Program Files (x86)\sbt\bin;C:\Program Files\nodejs\;C:\Program Files (x86)\Windows Kits\10\Windows Performance Toolkit\;C:\Users\Admin\AppData\Local\Microsoft\WindowsApps;C:\Program Files\JetBrains\PyCharm Community Edition 2021.2.3\bin;;C:\Program Files\Java\jdk1.8.0_231\bin;D:\java\IntelliJ IDEA Community Edition 2019.3.1\bin;;C:\Users\Admin\.dotnet\tools;C:\Program Files\Azure Data Studio\bin;C:\tools\dart-sdk\bin;C:\Users\Admin\AppData\Roaming\Pub\Cache\bin;C:\Users\Admin\AppData\Local\Programs\Microsoft VS Code\bin;C:\Users\Admin\AppData\Roaming\npm;C:\Users\Admin\AppData\Local\Programs\Python\Python310;C:\Users\Admin\AppData\Local\Programs\Python\Python310\Scripts;C:\Program Files\heroku\bin;C:\Program Files\maven\apache-maven-3.8.4\bin;;."/>
    <property name="maven.conf" value="D:\IID\IntelliJ IDEA 2021.1\plugins\maven\lib\maven3/conf"/>
    <property name="jdk.debug" value="release"/>
    <property name="java.class.version" value="59.0"/>
    <property name="java.specification.name" value="Java Platform API Specification"/>
    <property name="sun.management.compiler" value="HotSpot 64-Bit Tiered Compilers"/>
    <property name="os.version" value="10.0"/>
    <property name="user.home" value="C:\Users\Admin"/>
    <property name="user.timezone" value="Europe/Minsk"/>
    <property name="file.encoding" value="UTF-8"/>
    <property name="java.specification.version" value="15"/>
    <property name="user.name" value="Andrew"/>
    <property name="java.class.path" value="D:\IID\IntelliJ IDEA 2021.1\plugins\maven\lib\maven3\boot\plexus-classworlds-2.6.0.jar;D:\IID\IntelliJ IDEA 2021.1\plugins\maven\lib\maven3\boot\plexus-classworlds.license"/>
    <property name="java.vm.specification.version" value="15"/>
    <property name="sun.arch.data.model" value="64"/>
    <property name="sun.java.command" value="org.codehaus.classworlds.Launcher -Didea.version=2021.1.3 --update-snapshots clean package"/>
    <property name="java.home" value="C:\Users\Admin\.jdks\openjdk-15.0.1"/>
    <property name="user.language" value="ru"/>
    <property name="java.specification.vendor" value="Oracle Corporation"/>
    <property name="java.vm.info" value="mixed mode, sharing"/>
    <property name="java.version" value="15.0.1"/>
    <property name="java.vendor" value="Oracle Corporation"/>
    <property name="maven.home" value="D:\IID\IntelliJ IDEA 2021.1\plugins\maven\lib\maven3"/>
    <property name="file.separator" value="\"/>
    <property name="java.version.date" value="2020-10-20"/>
    <property name="java.vendor.url.bug" value="https://bugreport.java.com/bugreport/"/>
    <property name="sun.io.unicode.encoding" value="UnicodeLittle"/>
    <property name="sun.cpu.endian" value="little"/>
    <property name="sun.cpu.isalist" value="amd64"/>
  </properties>
  <testcase name="AdminPanelListCheckoutOrderDelete" classname="com.istg.controller.AdminControllerTest" time="0.124"/>
  <testcase name="AdminPanelListCheckoutOrderCountNode" classname="com.istg.controller.AdminControllerTest" time="0.176"/>
  <testcase name="AdminPanelDeleteGame" classname="com.istg.controller.AdminControllerTest" time="0.008"/>
  <testcase name="homeAdminPageCountLink" classname="com.istg.controller.AdminControllerTest" time="0.04"/>
  <testcase name="AdminPanelListCardUser" classname="com.istg.controller.AdminControllerTest" time="0.208">
    <error message="Request processing failed; nested exception is org.springframework.jdbc.CannotGetJdbcConnectionException: Could not get JDBC Connection; nested exception is org.postgresql.util.PSQLException: FATAL: no pg_hba.conf entry for host &quot;185.128.200.20&quot;, user &quot;vjxcwkiilteanj&quot;, database &quot;d1bvs7c11s3o58&quot;, SSL off" type="org.springframework.web.util.NestedServletException">org.springframework.web.util.NestedServletException: Request processing failed; nested exception is org.springframework.jdbc.CannotGetJdbcConnectionException: Could not get JDBC Connection; nested exception is org.postgresql.util.PSQLException: FATAL: no pg_hba.conf entry for host "185.128.200.20", user "vjxcwkiilteanj", database "d1bvs7c11s3o58", SSL off
	at com.istg.controller.AdminControllerTest.AdminPanelListCardUser(AdminControllerTest.java:226)
Caused by: org.springframework.jdbc.CannotGetJdbcConnectionException: Could not get JDBC Connection; nested exception is org.postgresql.util.PSQLException: FATAL: no pg_hba.conf entry for host "185.128.200.20", user "vjxcwkiilteanj", database "d1bvs7c11s3o58", SSL off
	at com.istg.controller.AdminControllerTest.AdminPanelListCardUser(AdminControllerTest.java:226)
Caused by: org.postgresql.util.PSQLException: FATAL: no pg_hba.conf entry for host "185.128.200.20", user "vjxcwkiilteanj", database "d1bvs7c11s3o58", SSL off
	at com.istg.controller.AdminControllerTest.AdminPanelListCardUser(AdminControllerTest.java:226)
</error>
    <system-out><![CDATA[2021-12-02 01:32:58.116  INFO 16072 --- [           main] c.i.d.i.CardProductDaoImpl               : Get all card users 2021-12-02

MockHttpServletRequest:
      HTTP Method = GET
      Request URI = /admin/listcheckoutorder/delete/6
       Parameters = {}
          Headers = {}

Handler:
             Type = com.istg.controller.AdminController
           Method = public java.lang.String com.istg.controller.AdminController.deleteCheckoutOrder(java.lang.String)

Async:
    Async started = false
     Async result = null

Resolved Exception:
             Type = null

ModelAndView:
        View name = redirect:/admin/listcheckoutorder
             View = null
            Model = null

FlashMap:
       Attributes = null

MockHttpServletResponse:
           Status = 302
    Error message = null
          Headers = {X-Content-Type-Options=[nosniff], X-XSS-Protection=[1; mode=block], Cache-Control=[no-cache, no-store, max-age=0, must-revalidate], Pragma=[no-cache], Expires=[0], X-Frame-Options=[DENY], Location=[/admin/listcheckoutorder]}
     Content type = null
             Body = 
    Forwarded URL = null
   Redirected URL = /admin/listcheckoutorder
          Cookies = []

MockHttpServletRequest:
      HTTP Method = GET
      Request URI = /admin/listcheckoutorder
       Parameters = {}
          Headers = {}

Handler:
             Type = com.istg.controller.AdminController
           Method = public java.lang.String com.istg.controller.AdminController.listcheckoutOrder(org.springframework.ui.Model)

Async:
    Async started = false
     Async result = null

Resolved Exception:
             Type = null

ModelAndView:
        View name = listofcheckoutorder
             View = null
        Attribute = listOrder
            value = []

FlashMap:
       Attributes = null

MockHttpServletResponse:
           Status = 200
    Error message = null
          Headers = {X-Content-Type-Options=[nosniff], X-XSS-Protection=[1; mode=block], Cache-Control=[no-cache, no-store, max-age=0, must-revalidate], Pragma=[no-cache], Expires=[0], X-Frame-Options=[DENY], Content-Type=[text/html;charset=UTF-8]}
     Content type = text/html;charset=UTF-8
             Body = <html lang="en">
<head>
    <!-- Required meta tags -->
    <meta charset="utf-8"/>
    <meta name="viewport" content="width=device-width, initial-scale=1, shrink-to-fit=no"/>

    <link rel="stylesheet" href="https://cdn.jsdelivr.net/npm/bootstrap@4.5.3/dist/css/bootstrap.min.css" integrity="sha384-TX8t27EcRE3e/ihU7zmQxVncDAy5uIKz4rEkgIXeMed4M0jlfIDPvg6uqKI2xXr2" crossorigin="anonymous"/>
    <link rel="shortcut icon" type="image/png" href="/static/img/logo2.png"/>
    <link rel="stylesheet" href="/static/css/style.css"/>
    <title>Admin panel list of contact us</title>
</head>
<body class="bg_admin" style="height: 100%;">
<nav class="navbar navbar-expand-lg navbar-dark bg-dark">
    <a class="navbar-brand" href="#"><img width="50" height="50" src="/static/img/logo2.png" alt="logo"/></a>
    <button class="navbar-toggler" type="button" data-toggle="collapse" data-target="#navbarSupportedContent" aria-controls="navbarSupportedContent" aria-expanded="false" aria-label="Toggle navigation">
        <span class="navbar-toggler-icon"></span>
    </button>

    <div class="collapse navbar-collapse" id="navbarSupportedContent">
        <ul class="navbar-nav mr-auto">
            <li class="nav-item active">
                <a class="nav-link" href="/admin/home"><i class="fas fa-home"></i> Home <span class="sr-only">(current)</span></a>
            </li>
            <li class="nav-item">
                <a class="nav-link" href="/admin/listofgame"><i class="fas fa-list-alt"></i> List of games</a>
            </li>
            <li class="nav-item">
                <a class="nav-link" href="/admin/listofuser"><i class="fas fa-list-alt"></i> List of users</a>
            </li>
            <li class="nav-item">
                <a class="nav-link" href="/admin/listcarduser"><i class="fas fa-list-alt"></i> List of card users</a>
            </li>
            <li class="nav-item">
                <a class="nav-link" href="/admin/listcheckoutorder"><i class="fas fa-list-alt"></i> List of checkout order</a>
            </li>
            <li class="nav-item">
                <a class="nav-link" href="/admin/listcontactus"><i class="fas fa-list-alt"></i> List of contact us</a>
            </li>
            <li class="nav-item">
                <a class="nav-link" href="/home/"><i class="fas fa-sign-out-alt"></i> Back to site</a>
            </li>
        </ul>
    </div>
</nav>
<section class="table_games" style="">
    <div class="logo_list_of_game">
        <h3 id="title_admin" class="text-center">List of all checkout order</h3>
    </div>

    <div class="table-responsive">
        <div class="container">
            <table class="table">
                <thead class="thead-dark">
                    <tr>
                        <th scope="col">id order</th>
                        <th scope="col">id card</th>
                        <th scope="col">Name client</th>
                        <th scope="col">Soname client</th>
                        <th scope="col">Email client</th>
                        <th scope="col">Phone client</th>
                        <th scope="col">Date order</th>
                        <th scope="col">Delete</th>
                    </tr>
                </thead>
                <tbody>
                                </tbody>
            </table>
        </div>
    </div>
</section>

<script src="https://code.jquery.com/jquery-3.5.1.slim.min.js" integrity="sha384-DfXdz2htPH0lsSSs5nCTpuj/zy4C+OGpamoFVy38MVBnE+IbbVYUew+OrCXaRkfj" crossorigin="anonymous"></script>
<script src="https://cdn.jsdelivr.net/npm/popper.js@1.16.1/dist/umd/popper.min.js" integrity="sha384-9/reFTGAW83EW2RDu2S0VKaIzap3H66lZH81PoYlFhbGU+6BZp6G7niu735Sk7lN" crossorigin="anonymous"></script>
<script src="https://cdn.jsdelivr.net/npm/bootstrap@4.5.3/dist/js/bootstrap.min.js" integrity="sha384-w1Q4orYjBQndcko6MimVbzY0tgp4pWB4lZ7lr30WKz0vr/aWKhXdBNmNb5D92v7s" crossorigin="anonymous"></script>
<script src="https://kit.fontawesome.com/7ddafef627.js" crossorigin="anonymous"></script>
<script src="/static/js/main.js"></script>
</body>
</html>
    Forwarded URL = null
   Redirected URL = null
          Cookies = []

MockHttpServletRequest:
      HTTP Method = GET
      Request URI = /admin/delete/7
       Parameters = {}
          Headers = {}

Handler:
             Type = com.istg.controller.AdminController
           Method = public java.lang.String com.istg.controller.AdminController.deleteGame(java.lang.String)

Async:
    Async started = false
     Async result = null

Resolved Exception:
             Type = null

ModelAndView:
        View name = redirect:/admin/listofgame
             View = null
            Model = null

FlashMap:
       Attributes = null

MockHttpServletResponse:
           Status = 302
    Error message = null
          Headers = {X-Content-Type-Options=[nosniff], X-XSS-Protection=[1; mode=block], Cache-Control=[no-cache, no-store, max-age=0, must-revalidate], Pragma=[no-cache], Expires=[0], X-Frame-Options=[DENY], Location=[/admin/listofgame]}
     Content type = null
             Body = 
    Forwarded URL = null
   Redirected URL = /admin/listofgame
          Cookies = []

MockHttpServletRequest:
      HTTP Method = GET
      Request URI = /admin/home
       Parameters = {}
          Headers = {}

Handler:
             Type = com.istg.controller.AdminController
           Method = public java.lang.String com.istg.controller.AdminController.homeAdminPanel()

Async:
    Async started = false
     Async result = null

Resolved Exception:
             Type = null

ModelAndView:
        View name = adminPanel
             View = null
            Model = null

FlashMap:
       Attributes = null

MockHttpServletResponse:
           Status = 200
    Error message = null
          Headers = {X-Content-Type-Options=[nosniff], X-XSS-Protection=[1; mode=block], Cache-Control=[no-cache, no-store, max-age=0, must-revalidate], Pragma=[no-cache], Expires=[0], X-Frame-Options=[DENY], Content-Type=[text/html;charset=UTF-8]}
     Content type = text/html;charset=UTF-8
             Body = <html lang="en">
<head>
    <!-- Required meta tags -->
    <meta charset="utf-8"/>
    <meta name="viewport" content="width=device-width, initial-scale=1, shrink-to-fit=no"/>

    <!-- Bootstrap CSS -->
    <link rel="stylesheet" href="https://cdn.jsdelivr.net/npm/bootstrap@4.5.3/dist/css/bootstrap.min.css" integrity="sha384-TX8t27EcRE3e/ihU7zmQxVncDAy5uIKz4rEkgIXeMed4M0jlfIDPvg6uqKI2xXr2" crossorigin="anonymous"/>
    <link rel="shortcut icon" type="image/png" href="/static/img/logo2.png"/>
    <link rel="stylesheet" href="/static/css/style.css"/>
    <title>Admin panel home</title>
</head>
<body class="bg_admin">
<nav class="navbar navbar-expand-lg navbar-dark bg-dark">
    <a class="navbar-brand" href="#"><img width="50" height="50" src="/static/img/logo2.png" alt="logo"/></a>
    <button class="navbar-toggler" type="button" data-toggle="collapse" data-target="#navbarSupportedContent" aria-controls="navbarSupportedContent" aria-expanded="false" aria-label="Toggle navigation">
        <span class="navbar-toggler-icon"></span>
    </button>

    <div class="collapse navbar-collapse" id="navbarSupportedContent">
        <ul class="navbar-nav mr-auto">
                <li class="nav-item active">
                    <a class="nav-link" href="/admin/home"><i class="fas fa-home"></i> Home <span class="sr-only">(current)</span></a>
                </li>
                <li class="nav-item">
                    <a class="nav-link" href="/admin/listofgame"><i class="fas fa-list-alt"></i> List of games</a>
                </li>
                <li class="nav-item">
                    <a class="nav-link" href="/admin/listofuser"><i class="fas fa-list-alt"></i> List of users</a>
                </li>
                <li class="nav-item">
                    <a class="nav-link" href="/admin/listcarduser"><i class="fas fa-list-alt"></i> List of card users</a>
                </li>
                <li class="nav-item">
                    <a class="nav-link" href="/admin/listcheckoutorder"><i class="fas fa-list-alt"></i> List of checkout order</a>
                </li>
                <li class="nav-item">
                    <a class="nav-link" href="/admin/listcontactus"><i class="fas fa-list-alt"></i> List of contact us</a>
                </li>
                <li class="nav-item">
                    <a class="nav-link" href="/home/"><i class="fas fa-sign-out-alt"></i> Back to site</a>
                </li>
        </ul>
    </div>
</nav>
<section class="slider">
    <div id="carouselExampleCaptions" class="carousel slide" data-ride="carousel">
        <div class="carousel-inner">
            <div class="carousel-item active">
                <img src="/static/img/admin_slide_1.jpg" class="d-block w-100 h-25" style="height:450px !important;" alt="admin_slide_1"/>
                <div class="carousel-caption">
                    <h1 style="font-size:8vw;" class="display-2">Добро пожаловать</h1>
                    <h3 style="font-size:2vw;">на панель администратора</h3>
                </div>
            </div>
            <div class="carousel-item">
                <img src="/static/img/admin_slide_2.jpg" class="d-block w-100" style="height: 450px !important;" alt="admin_slide_2"/>
                <div class="carousel-caption">
                    <h1 style="font-size:8vw;" class="display-2">Тут</h1>
                    <h3 style="font-size:2vw;">вы можете всё</h3>
                </div>
            </div>
            <div class="carousel-item">
                <img src="/static/img/admin_slide_3.jpg" style="height: 450px !important;" class="d-block w-100" alt="admin_slide_3"/>
                <div class="carousel-caption">
                    <h1 style="font-size:6vw;" class="display-2">Создавайте! Творите! Работайте!</h1>
                    <h3 style="font-size:2vw;">Удачи.</h3>
                </div>
            </div>
        </div>
    </div>
 </section>
<section class="admin_function">
    <div class="container">
        <div class="logo_admin_function">
            <h3 id="title_admin" class="text-center">Списки объектов сайта для администратора</h3>
        </div>
        <div class="row" >
            <div class="col-xs-12 col-sm-6 col-md-12 col-lg-4" id="item_link">
                <div class="card" style="width: 16rem;">
                    <img src="/static/img/admin_slide_1.jpg" class="card-img-top" alt="admin_slide_1"/>
                    <div class="card-body">
                        <h5 class="card-title">List of game</h5>
                        <p class="card-text"></p>
                        <a href="/admin/listofgame" class="btn btn-secondary">Go on page</a>
                    </div>
                </div>
            </div>
            <div class="col-xs-12 col-sm-6 col-md-12 col-lg-4" id="item_link">
                <div class="card" style="width: 16rem;">
                    <img src="/static/img/admin_slide_1.jpg" class="card-img-top" alt="admin_slide_1"/>
                    <div class="card-body">
                        <h5 class="card-title">List of user</h5>
                        <p class="card-text"></p>
                        <a href="/admin/listofuser" class="btn btn-secondary">Go on page</a>
                    </div>
                </div>
            </div>
            <div class="col-xs-12 col-sm-6 col-md-12 col-lg-4" id="item_link">
                <div class="card" style="width: 16rem;">
                    <img src="/static/img/admin_slide_1.jpg" class="card-img-top" alt="admin_slide_1"/>
                    <div class="card-body">
                        <h5 class="card-title">List of feedback</h5>
                        <p class="card-text"></p>
                        <a href="/admin/listoffeedback" class="btn btn-secondary">Go on page</a>
                    </div>
                </div>
            </div>
            <div class="col-xs-12 col-sm-6 col-md-12 col-lg-4" id="item_link">
                <div class="card" style="width: 16rem;">
                    <img src="/static/img/admin_slide_2.jpg" class="card-img-top" alt="admin_slide_2"/>
                    <div class="card-body">
                        <h5 class="card-title">List of checkout order</h5>
                        <p class="card-text"></p>
                        <a href="/admin/listcheckoutorder" class="btn btn-secondary">Go on page</a>
                    </div>
                </div>
            </div>
            <div class="col-xs-12 col-sm-6 col-md-12 col-lg-4" id="item_link">
                <div class="card" style="width: 16rem;">
                    <img src="/static/img/admin_slide_2.jpg" class="card-img-top" alt="admin_slide_2"/>
                    <div class="card-body">
                        <h5 class="card-title">List of contact us</h5>
                        <p class="card-text"></p>
                        <a href="/admin/listcontactus" class="btn btn-secondary">Go on page</a>
                    </div>
                </div>
            </div>
        </div>
    </div>
</section>

<footer class="page-footer font-small bg-dark" style="height: 100px;color: white !important;">
    <div class="container">
        <div class="row" style="padding-top: 40px">
            <div class="col">
                <a href="#" class="fb-ic">
                    <i class="fab fa-facebook-f fa-lg white-text mr-md-5 mr-3 fa-2x"> </i>
                </a>
            </div>
            <div class="col">
                <a href="#" class="fb-ic">
                    <i class="fab fa-twitter fa-lg white-text mr-md-5 mr-3 fa-2x"> </i>
                </a>
            </div>
            <div class="col">
                <a href="#" class="fb-ic">
                    <i class="fab fa-google-plus-g fa-lg white-text mr-md-5 mr-3 fa-2x"> </i>
                </a>
            </div>
            <div class="col">
                <a  href="#" class="fb-ic">
                    <i class="fab fa-linkedin-in fa-lg white-text mr-md-5 mr-3 fa-2x"> </i>
                </a>
            </div>
            <div class="col">
                <a href="#" class="fb-ic">
                    <i class="fab fa-instagram fa-lg white-text mr-md-5 mr-3 fa-2x"> </i>
                </a>
            </div>
            <div class="col">
                <a href="#" class="fb-ic">
                    <i class="fab fa-pinterest fa-lg white-text fa-2x"> </i>
                </a>
            </div>
        </div>
    </div>
</footer>


<script src="https://code.jquery.com/jquery-3.5.1.slim.min.js" integrity="sha384-DfXdz2htPH0lsSSs5nCTpuj/zy4C+OGpamoFVy38MVBnE+IbbVYUew+OrCXaRkfj" crossorigin="anonymous"></script>
<script src="https://cdn.jsdelivr.net/npm/popper.js@1.16.1/dist/umd/popper.min.js" integrity="sha384-9/reFTGAW83EW2RDu2S0VKaIzap3H66lZH81PoYlFhbGU+6BZp6G7niu735Sk7lN" crossorigin="anonymous"></script>
<script src="https://cdn.jsdelivr.net/npm/bootstrap@4.5.3/dist/js/bootstrap.min.js" integrity="sha384-w1Q4orYjBQndcko6MimVbzY0tgp4pWB4lZ7lr30WKz0vr/aWKhXdBNmNb5D92v7s" crossorigin="anonymous"></script>
<script src="https://kit.fontawesome.com/7ddafef627.js" crossorigin="anonymous"></script>

<script>
    $('.carousel').carousel({
        interval: 2000
    })
</script>
</body>
</html>
    Forwarded URL = null
   Redirected URL = null
          Cookies = []
]]></system-out>
  </testcase>
  <testcase name="AdminPanelListUserUpdateTest" classname="com.istg.controller.AdminControllerTest" time="0"/>
  <testcase name="AdminPanelListUserLoadTest" classname="com.istg.controller.AdminControllerTest" time="0.02"/>
  <testcase name="AdminPanelListFeedBackDelete" classname="com.istg.controller.AdminControllerTest" time="0.012"/>
  <testcase name="AdminPanelListGameCountNode" classname="com.istg.controller.AdminControllerTest" time="0.04"/>
  <testcase name="homeAdminPageLoad" classname="com.istg.controller.AdminControllerTest" time="0.016"/>
  <testcase name="AdminPanelAddGameFailed" classname="com.istg.controller.AdminControllerTest" time="0.008"/>
  <testcase name="AdminPanelEditGame" classname="com.istg.controller.AdminControllerTest" time="0.008"/>
  <testcase name="AdminPanelListUserCountNodeTest" classname="com.istg.controller.AdminControllerTest" time="0.012"/>
  <testcase name="AdminPanelListCheckoutOrder" classname="com.istg.controller.AdminControllerTest" time="0.008"/>
  <testcase name="AdminPanelListFeedBackNodeCount" classname="com.istg.controller.AdminControllerTest" time="0.02"/>
  <testcase name="AdminPanelAddGame" classname="com.istg.controller.AdminControllerTest" time="0.004"/>
  <testcase name="AdminPanelListContactUsDelete" classname="com.istg.controller.AdminControllerTest" time="0.008"/>
  <testcase name="AdminPanelListContactUsCountNode" classname="com.istg.controller.AdminControllerTest" time="0.02"/>
  <testcase name="AdminPanelListFeedBackLoad" classname="com.istg.controller.AdminControllerTest" time="0.012"/>
  <testcase name="AdminPanelListUserDeleteTest" classname="com.istg.controller.AdminControllerTest" time="0.008"/>
  <testcase name="AdminPanelListGameLoad" classname="com.istg.controller.AdminControllerTest" time="0.008"/>
  <testcase name="AdminPanelEditGameFailed" classname="com.istg.controller.AdminControllerTest" time="0.004"/>
</testsuite>